2020-06-17 00:00:21.309  INFO 5408 --- [http-nio-8080-exec-5] c.a.a.AuManagementApplication            : Request to display Employee with id 1 has been received 
2020-06-17 00:00:21.405  INFO 5408 --- [http-nio-8080-exec-5] c.a.a.AuManagementApplication            : Request to display Employee with id 1 has been succesfully processed 
2020-06-17 00:01:52.568  INFO 5408 --- [http-nio-8080-exec-7] c.a.a.AuManagementApplication            : Request to add Employee with id 2 has been received 
2020-06-17 00:01:53.064  INFO 5408 --- [http-nio-8080-exec-7] c.a.a.AuManagementApplication            : Request to add Employee with id 2 has been succesfully completed 
2020-06-17 00:02:02.040  WARN 5408 --- [http-nio-8080-exec-9] o.s.web.servlet.PageNotFound             : Request method 'POST' not supported
2020-06-17 00:02:02.040  WARN 5408 --- [http-nio-8080-exec-9] .m.m.a.ExceptionHandlerExceptionResolver : Resolved [org.springframework.web.HttpRequestMethodNotSupportedException: Request method 'POST' not supported]
2020-06-17 00:02:09.312  INFO 5408 --- [http-nio-8080-exec-1] c.a.a.AuManagementApplication            : Request to display Employee with id 2 has been received 
2020-06-17 00:02:09.320  INFO 5408 --- [http-nio-8080-exec-1] c.a.a.AuManagementApplication            : Request to display Employee with id 2 has been succesfully processed 
2020-06-17 00:02:57.202  INFO 5408 --- [http-nio-8080-exec-2] c.a.a.AuManagementApplication            : Request to update Employee with id 2 has been received 
2020-06-17 00:02:57.578  INFO 5408 --- [http-nio-8080-exec-2] c.a.a.AuManagementApplication            : Request to update Employee with id 2 has been processed succesfully 
2020-06-17 00:03:09.818  INFO 5408 --- [http-nio-8080-exec-5] c.a.a.AuManagementApplication            : Request to display Employee with id 2 has been received 
2020-06-17 00:03:09.818  INFO 5408 --- [http-nio-8080-exec-5] c.a.a.AuManagementApplication            : Request to display Employee with id 2 has been succesfully processed 
2020-06-17 00:03:32.330  INFO 5408 --- [http-nio-8080-exec-7] c.a.a.AuManagementApplication            : Request to delete Employee with id 2 has been received 
2020-06-17 00:03:32.378  INFO 5408 --- [http-nio-8080-exec-7] c.a.a.AuManagementApplication            : Request to delete Employee with id 2 has been completed successfully 
2020-06-17 00:03:38.971  INFO 5408 --- [http-nio-8080-exec-9] c.a.a.AuManagementApplication            : Request to display Employee with id 2 has been received 
2020-06-17 00:03:38.979 ERROR 5408 --- [http-nio-8080-exec-9] c.a.a.AuManagementApplication            : Request to display Employee with id 2 has been failed 
2020-06-17 00:03:38.987  WARN 5408 --- [http-nio-8080-exec-9] .m.m.a.ExceptionHandlerExceptionResolver : Resolved [com.accolite.aumanagement.exception.CustomException: Employee of  id = : 2 is not present ]
2020-06-17 00:03:58.515  INFO 5408 --- [http-nio-8080-exec-1] c.a.a.AuManagementApplication            : Request to get Demands is received 
2020-06-17 00:03:58.531  INFO 5408 --- [http-nio-8080-exec-1] c.a.a.AuManagementApplication            : Request to get Demands is processed successfully
2020-06-17 00:04:11.963  INFO 5408 --- [http-nio-8080-exec-2] c.a.a.AuManagementApplication            : Request to get Company Names is received 
2020-06-17 00:04:11.971  INFO 5408 --- [http-nio-8080-exec-2] c.a.a.AuManagementApplication            : Request to get Company names is processed successfully
2020-06-17 00:04:20.348  INFO 5408 --- [http-nio-8080-exec-5] c.a.a.AuManagementApplication            : Request to get Trends for company ABC is received 
2020-06-17 00:04:20.356  INFO 5408 --- [http-nio-8080-exec-5] c.a.a.AuManagementApplication            : Request to get Trends company ABC is processed successfully
2020-06-17 00:04:38.404  INFO 5408 --- [http-nio-8080-exec-7] c.a.a.AuManagementApplication            : Request to display employees Ids is received 
2020-06-17 00:04:38.404  INFO 5408 --- [http-nio-8080-exec-7] c.a.a.AuManagementApplication            : Request to display employees Ids is processed successfully
2020-06-17 00:05:00.009  INFO 5408 --- [scheduling-1] c.a.a.AuManagementApplication            : New File Created Wed Jun 17 00:05:00 IST 2020
2020-06-17 00:05:03.705  INFO 5408 --- [http-nio-8080-exec-9] c.a.a.AuManagementApplication            : Request to get log for date 2020-06-12is received 
2020-06-17 00:05:03.713  INFO 5408 --- [http-nio-8080-exec-9] c.a.a.AuManagementApplication            : Request to get log for date 2020-06-12 is processed successfully
2020-06-17 00:12:28.704 ERROR 5408 --- [http-nio-8080-exec-1] c.a.a.AuManagementApplication            : JWT Token has expired
2020-06-17 00:14:46.472  WARN 5408 --- [http-nio-8080-exec-4] c.a.a.AuManagementApplication            : JWT Token does not begin with Bearer String
2020-06-17 00:15:07.362  WARN 5408 --- [http-nio-8080-exec-6] c.a.a.AuManagementApplication            : JWT Token does not begin with Bearer String
2020-06-17 00:15:21.189  INFO 5408 --- [http-nio-8080-exec-9] c.a.a.AuManagementApplication            : Request to display employees is received 
2020-06-17 00:15:21.333  INFO 5408 --- [http-nio-8080-exec-9] c.a.a.AuManagementApplication            : Request to display employees is processed successfully
2020-06-17 00:15:31.599  INFO 5408 --- [http-nio-8080-exec-2] c.a.a.AuManagementApplication            : Request to display employees Ids is received 
2020-06-17 00:15:31.599  INFO 5408 --- [http-nio-8080-exec-2] c.a.a.AuManagementApplication            : Request to display employees Ids is processed successfully
2020-06-17 00:15:31.958  INFO 5408 --- [http-nio-8080-exec-4] c.a.a.AuManagementApplication            : Request to get Demands is received 
2020-06-17 00:15:31.974  INFO 5408 --- [http-nio-8080-exec-4] c.a.a.AuManagementApplication            : Request to get Demands is processed successfully
2020-06-17 00:17:37.609  INFO 5408 --- [http-nio-8080-exec-7] c.a.a.AuManagementApplication            : Request to add Employee with id 3 has been received 
2020-06-17 00:17:38.017  INFO 5408 --- [http-nio-8080-exec-7] c.a.a.AuManagementApplication            : Request to add Employee with id 3 has been succesfully completed 
2020-06-17 00:17:44.702  INFO 5408 --- [http-nio-8080-exec-9] c.a.a.AuManagementApplication            : Request to display employees is received 
2020-06-17 00:17:44.718  INFO 5408 --- [http-nio-8080-exec-9] c.a.a.AuManagementApplication            : Request to display employees is processed successfully
2020-06-17 00:17:57.536  INFO 5408 --- [http-nio-8080-exec-1] c.a.a.AuManagementApplication            : Request to get Demands is received 
2020-06-17 00:17:57.536  INFO 5408 --- [http-nio-8080-exec-1] c.a.a.AuManagementApplication            : Request to get Demands is processed successfully
2020-06-17 00:17:57.632  INFO 5408 --- [http-nio-8080-exec-2] c.a.a.AuManagementApplication            : Request to display Employee with id 3 has been received 
2020-06-17 00:17:57.760  INFO 5408 --- [http-nio-8080-exec-2] c.a.a.AuManagementApplication            : Request to display Employee with id 3 has been succesfully processed 
2020-06-17 00:18:14.714  INFO 5408 --- [http-nio-8080-exec-7] c.a.a.AuManagementApplication            : Request to update Employee with id 3 has been received 
2020-06-17 00:18:15.002  INFO 5408 --- [http-nio-8080-exec-7] c.a.a.AuManagementApplication            : Request to update Employee with id 3 has been processed succesfully 
2020-06-17 00:18:22.726  INFO 5408 --- [http-nio-8080-exec-9] c.a.a.AuManagementApplication            : Request to display employees is received 
2020-06-17 00:18:22.734  INFO 5408 --- [http-nio-8080-exec-9] c.a.a.AuManagementApplication            : Request to display employees is processed successfully
2020-06-17 00:18:30.983  INFO 5408 --- [http-nio-8080-exec-1] c.a.a.AuManagementApplication            : Request to delete Employee with id 3 has been received 
2020-06-17 00:18:31.095  INFO 5408 --- [http-nio-8080-exec-1] c.a.a.AuManagementApplication            : Request to delete Employee with id 3 has been completed successfully 
2020-06-17 00:18:36.247  INFO 5408 --- [http-nio-8080-exec-5] c.a.a.AuManagementApplication            : Request to display employees is received 
2020-06-17 00:18:36.303  INFO 5408 --- [http-nio-8080-exec-5] c.a.a.AuManagementApplication            : Request to display employees is processed successfully
2020-06-17 00:18:40.290  INFO 5408 --- [http-nio-8080-exec-6] c.a.a.AuManagementApplication            : Request to get Company Names is received 
2020-06-17 00:18:40.306  INFO 5408 --- [http-nio-8080-exec-6] c.a.a.AuManagementApplication            : Request to get Company names is processed successfully
2020-06-17 00:18:46.569  INFO 5408 --- [http-nio-8080-exec-9] c.a.a.AuManagementApplication            : Request to get Trends for company ABC is received 
2020-06-17 00:18:46.577  INFO 5408 --- [http-nio-8080-exec-9] c.a.a.AuManagementApplication            : Request to get Trends company ABC is processed successfully
2020-06-17 00:18:50.770  INFO 5408 --- [http-nio-8080-exec-1] c.a.a.AuManagementApplication            : Request to get Trends for company XYZ is received 
2020-06-17 00:18:50.778  INFO 5408 --- [http-nio-8080-exec-1] c.a.a.AuManagementApplication            : Request to get Trends company XYZ is processed successfully
2020-06-17 00:19:06.919  INFO 5408 --- [http-nio-8080-exec-4] c.a.a.AuManagementApplication            : Request to get log for date 2020-06-12is received 
2020-06-17 00:19:06.943  INFO 5408 --- [http-nio-8080-exec-4] c.a.a.AuManagementApplication            : Request to get log for date 2020-06-12 is processed successfully
2020-06-17 00:21:22.012  WARN 5408 --- [http-nio-8080-exec-7] c.a.a.AuManagementApplication            : JWT Token does not begin with Bearer String
2020-06-17 00:21:34.443  INFO 5408 --- [http-nio-8080-exec-9] c.a.a.AuManagementApplication            : Request to get Company Names is received 
2020-06-17 00:21:34.811  INFO 5408 --- [http-nio-8080-exec-9] c.a.a.AuManagementApplication            : Request to get Company names is processed successfully
