2020-06-14 00:10:23.034  INFO 6004 --- [restartedMain] c.a.a.AuManagementApplication            : Starting AuManagementApplication on SATHISH with PID 6004 (D:\Project\Final\BackEnd\AU-Mangement-OnBoardingModule-BackEnd\aumanagement\target\classes started by Sathish-PC in D:\Project\Final\BackEnd\AU-Mangement-OnBoardingModule-BackEnd\aumanagement)
2020-06-14 00:10:23.051  INFO 6004 --- [restartedMain] c.a.a.AuManagementApplication            : No active profile set, falling back to default profiles: default
2020-06-14 00:10:23.332  INFO 6004 --- [restartedMain] .e.DevToolsPropertyDefaultsPostProcessor : Devtools property defaults active! Set 'spring.devtools.add-properties' to 'false' to disable
2020-06-14 00:10:23.332  INFO 6004 --- [restartedMain] .e.DevToolsPropertyDefaultsPostProcessor : For additional web related logging consider setting the 'logging.level.web' property to 'DEBUG'
2020-06-14 00:10:27.098  INFO 6004 --- [restartedMain] .s.d.r.c.RepositoryConfigurationDelegate : Bootstrapping Spring Data JDBC repositories in DEFAULT mode.
2020-06-14 00:10:27.315  INFO 6004 --- [restartedMain] .s.d.r.c.RepositoryConfigurationDelegate : Finished Spring Data repository scanning in 165ms. Found 0 JDBC repository interfaces.
2020-06-14 00:10:29.581  INFO 6004 --- [restartedMain] trationDelegate$BeanPostProcessorChecker : Bean 'org.springframework.security.access.expression.method.DefaultMethodSecurityExpressionHandler@6c94795c' of type [org.springframework.security.access.expression.method.DefaultMethodSecurityExpressionHandler] is not eligible for getting processed by all BeanPostProcessors (for example: not eligible for auto-proxying)
2020-06-14 00:10:29.587  INFO 6004 --- [restartedMain] trationDelegate$BeanPostProcessorChecker : Bean 'methodSecurityMetadataSource' of type [org.springframework.security.access.method.DelegatingMethodSecurityMetadataSource] is not eligible for getting processed by all BeanPostProcessors (for example: not eligible for auto-proxying)
2020-06-14 00:10:31.774  INFO 6004 --- [restartedMain] o.s.b.w.embedded.tomcat.TomcatWebServer  : Tomcat initialized with port(s): 8080 (http)
2020-06-14 00:10:31.975  INFO 6004 --- [restartedMain] o.apache.catalina.core.StandardService   : Starting service [Tomcat]
2020-06-14 00:10:31.975  INFO 6004 --- [restartedMain] org.apache.catalina.core.StandardEngine  : Starting Servlet engine: [Apache Tomcat/9.0.35]
2020-06-14 00:10:32.335  INFO 6004 --- [restartedMain] o.a.c.c.C.[Tomcat].[localhost].[/]       : Initializing Spring embedded WebApplicationContext
2020-06-14 00:10:32.350  INFO 6004 --- [restartedMain] o.s.web.context.ContextLoader            : Root WebApplicationContext: initialization completed in 9018 ms
2020-06-14 00:10:41.883  INFO 6004 --- [restartedMain] o.s.b.a.e.web.EndpointLinksResolver      : Exposing 2 endpoint(s) beneath base path '/actuator'
2020-06-14 00:10:42.026  INFO 6004 --- [restartedMain] o.s.s.web.DefaultSecurityFilterChain     : Creating filter chain: any request, [org.springframework.security.web.context.request.async.WebAsyncManagerIntegrationFilter@3c3eec4, org.springframework.security.web.context.SecurityContextPersistenceFilter@49247501, org.springframework.security.web.header.HeaderWriterFilter@2590deb9, org.springframework.web.filter.CorsFilter@715487f5, org.springframework.security.web.authentication.logout.LogoutFilter@5fdc103f, com.accolite.aumanagement.websecurity.JwtRequestFilter@2e2cc80a, org.springframework.security.web.savedrequest.RequestCacheAwareFilter@27a5925b, org.springframework.security.web.servletapi.SecurityContextHolderAwareRequestFilter@1f6a9d60, org.springframework.security.web.authentication.AnonymousAuthenticationFilter@56928a68, org.springframework.security.web.session.SessionManagementFilter@53256bb5, org.springframework.security.web.access.ExceptionTranslationFilter@3941a513, org.springframework.security.web.access.intercept.FilterSecurityInterceptor@de6dd2c]
2020-06-14 00:10:42.322  INFO 6004 --- [restartedMain] o.s.s.concurrent.ThreadPoolTaskExecutor  : Initializing ExecutorService 'applicationTaskExecutor'
2020-06-14 00:10:43.323  INFO 6004 --- [restartedMain] com.zaxxer.hikari.HikariDataSource       : HikariPool-1 - Starting...
2020-06-14 00:10:43.363  WARN 6004 --- [restartedMain] com.zaxxer.hikari.util.DriverDataSource  : Registered driver with driverClassName=com.mysql.jdbc.Driver was not found, trying direct instantiation.
2020-06-14 00:10:44.254  INFO 6004 --- [restartedMain] com.zaxxer.hikari.HikariDataSource       : HikariPool-1 - Start completed.
2020-06-14 00:10:44.629  INFO 6004 --- [restartedMain] o.s.s.c.ThreadPoolTaskScheduler          : Initializing ExecutorService 'taskScheduler'
2020-06-14 00:10:44.807  INFO 6004 --- [restartedMain] o.s.b.d.a.OptionalLiveReloadServer       : LiveReload server is running on port 35729
2020-06-14 00:10:45.042  INFO 6004 --- [restartedMain] o.s.b.w.embedded.tomcat.TomcatWebServer  : Tomcat started on port(s): 8080 (http) with context path ''
2020-06-14 00:10:45.120  INFO 6004 --- [restartedMain] c.a.a.AuManagementApplication            : Started AuManagementApplication in 24.612 seconds (JVM running for 25.983)
2020-06-14 00:11:01.902  INFO 6004 --- [Thread-307] o.s.s.c.ThreadPoolTaskScheduler          : Shutting down ExecutorService 'taskScheduler'
2020-06-14 00:11:01.915  INFO 6004 --- [Thread-307] o.s.s.concurrent.ThreadPoolTaskExecutor  : Shutting down ExecutorService 'applicationTaskExecutor'
2020-06-14 00:11:01.915  INFO 6004 --- [Thread-307] com.zaxxer.hikari.HikariDataSource       : HikariPool-1 - Shutdown initiated...
2020-06-14 00:11:01.993  INFO 6004 --- [Thread-307] com.zaxxer.hikari.HikariDataSource       : HikariPool-1 - Shutdown completed.
2020-06-14 00:11:02.430  INFO 6004 --- [restartedMain] c.a.a.AuManagementApplication            : Starting AuManagementApplication on SATHISH with PID 6004 (D:\Project\Final\BackEnd\AU-Mangement-OnBoardingModule-BackEnd\aumanagement\target\classes started by Sathish-PC in D:\Project\Final\BackEnd\AU-Mangement-OnBoardingModule-BackEnd\aumanagement)
2020-06-14 00:11:02.430  INFO 6004 --- [restartedMain] c.a.a.AuManagementApplication            : No active profile set, falling back to default profiles: default
2020-06-14 00:11:08.587  INFO 6004 --- [restartedMain] .s.d.r.c.RepositoryConfigurationDelegate : Bootstrapping Spring Data JDBC repositories in DEFAULT mode.
2020-06-14 00:11:08.634  INFO 6004 --- [restartedMain] .s.d.r.c.RepositoryConfigurationDelegate : Finished Spring Data repository scanning in 44ms. Found 0 JDBC repository interfaces.
2020-06-14 00:11:08.821  INFO 6004 --- [restartedMain] trationDelegate$BeanPostProcessorChecker : Bean 'org.springframework.security.access.expression.method.DefaultMethodSecurityExpressionHandler@19ae0c9d' of type [org.springframework.security.access.expression.method.DefaultMethodSecurityExpressionHandler] is not eligible for getting processed by all BeanPostProcessors (for example: not eligible for auto-proxying)
2020-06-14 00:11:08.821  INFO 6004 --- [restartedMain] trationDelegate$BeanPostProcessorChecker : Bean 'methodSecurityMetadataSource' of type [org.springframework.security.access.method.DelegatingMethodSecurityMetadataSource] is not eligible for getting processed by all BeanPostProcessors (for example: not eligible for auto-proxying)
2020-06-14 00:11:09.205  INFO 6004 --- [restartedMain] o.s.b.w.embedded.tomcat.TomcatWebServer  : Tomcat initialized with port(s): 8080 (http)
2020-06-14 00:11:09.205  INFO 6004 --- [restartedMain] o.apache.catalina.core.StandardService   : Starting service [Tomcat]
2020-06-14 00:11:09.220  INFO 6004 --- [restartedMain] org.apache.catalina.core.StandardEngine  : Starting Servlet engine: [Apache Tomcat/9.0.35]
2020-06-14 00:11:09.283  INFO 6004 --- [restartedMain] o.a.c.c.C.[Tomcat].[localhost].[/]       : Initializing Spring embedded WebApplicationContext
2020-06-14 00:11:09.298  INFO 6004 --- [restartedMain] o.s.web.context.ContextLoader            : Root WebApplicationContext: initialization completed in 6868 ms
2020-06-14 00:11:10.158  INFO 6004 --- [restartedMain] o.s.b.a.e.web.EndpointLinksResolver      : Exposing 2 endpoint(s) beneath base path '/actuator'
2020-06-14 00:11:10.220  INFO 6004 --- [restartedMain] o.s.s.web.DefaultSecurityFilterChain     : Creating filter chain: any request, [org.springframework.security.web.context.request.async.WebAsyncManagerIntegrationFilter@1a777404, org.springframework.security.web.context.SecurityContextPersistenceFilter@45dab315, org.springframework.security.web.header.HeaderWriterFilter@1d0f8c1f, org.springframework.web.filter.CorsFilter@76bf1715, org.springframework.security.web.authentication.logout.LogoutFilter@3aac37f, com.accolite.aumanagement.websecurity.JwtRequestFilter@5965c7d4, org.springframework.security.web.savedrequest.RequestCacheAwareFilter@10d64d33, org.springframework.security.web.servletapi.SecurityContextHolderAwareRequestFilter@71584442, org.springframework.security.web.authentication.AnonymousAuthenticationFilter@2db49753, org.springframework.security.web.session.SessionManagementFilter@4f05a8e7, org.springframework.security.web.access.ExceptionTranslationFilter@7024bfb2, org.springframework.security.web.access.intercept.FilterSecurityInterceptor@1cfbc473]
2020-06-14 00:11:10.282  INFO 6004 --- [restartedMain] o.s.s.concurrent.ThreadPoolTaskExecutor  : Initializing ExecutorService 'applicationTaskExecutor'
2020-06-14 00:11:10.470  INFO 6004 --- [restartedMain] com.zaxxer.hikari.HikariDataSource       : HikariPool-2 - Starting...
2020-06-14 00:11:10.470  WARN 6004 --- [restartedMain] com.zaxxer.hikari.util.DriverDataSource  : Registered driver with driverClassName=com.mysql.jdbc.Driver was not found, trying direct instantiation.
2020-06-14 00:11:10.486  INFO 6004 --- [restartedMain] com.zaxxer.hikari.HikariDataSource       : HikariPool-2 - Start completed.
2020-06-14 00:11:10.501  INFO 6004 --- [restartedMain] o.s.s.c.ThreadPoolTaskScheduler          : Initializing ExecutorService 'taskScheduler'
2020-06-14 00:11:10.532  INFO 6004 --- [restartedMain] o.s.b.d.a.OptionalLiveReloadServer       : LiveReload server is running on port 35729
2020-06-14 00:11:10.564  INFO 6004 --- [restartedMain] o.s.b.w.embedded.tomcat.TomcatWebServer  : Tomcat started on port(s): 8080 (http) with context path ''
2020-06-14 00:11:10.611  INFO 6004 --- [restartedMain] c.a.a.AuManagementApplication            : Started AuManagementApplication in 8.343 seconds (JVM running for 51.471)
2020-06-14 00:11:10.626  INFO 6004 --- [restartedMain] .ConditionEvaluationDeltaLoggingListener : Condition evaluation unchanged
2020-06-14 00:11:30.065  INFO 6004 --- [Thread-310] o.s.s.c.ThreadPoolTaskScheduler          : Shutting down ExecutorService 'taskScheduler'
2020-06-14 00:11:30.072  INFO 6004 --- [Thread-310] o.s.s.concurrent.ThreadPoolTaskExecutor  : Shutting down ExecutorService 'applicationTaskExecutor'
2020-06-14 00:11:30.072  INFO 6004 --- [Thread-310] com.zaxxer.hikari.HikariDataSource       : HikariPool-2 - Shutdown initiated...
2020-06-14 00:11:30.087  INFO 6004 --- [Thread-310] com.zaxxer.hikari.HikariDataSource       : HikariPool-2 - Shutdown completed.
