2020-06-04 00:00:03.096  INFO 6028 --- [http-nio-8080-exec-2] c.a.a.AuManagementApplication            : Request to display Employee with id 0 has been received 
2020-06-04 00:00:16.706  INFO 6028 --- [http-nio-8080-exec-2] c.a.a.AuManagementApplication            : Request to display Employee with id 0 has been succesfully processed 
2020-06-04 00:00:49.199  INFO 6028 --- [http-nio-8080-exec-8] c.a.a.AuManagementApplication            : Request to display Employee with id 0 has been received 
2020-06-04 00:00:49.391  INFO 6028 --- [http-nio-8080-exec-8] c.a.a.AuManagementApplication            : Request to display Employee with id 0 has been succesfully processed 
2020-06-04 00:00:49.391  INFO 6028 --- [http-nio-8080-exec-4] c.a.a.AuManagementApplication            : Request to get Demands is received 
2020-06-04 00:00:49.983  INFO 6028 --- [http-nio-8080-exec-4] c.a.a.AuManagementApplication            : Request to get Demands is processed successfully
2020-06-04 00:01:02.116  INFO 6028 --- [http-nio-8080-exec-1] c.a.a.AuManagementApplication            : Request to display employees is received 
2020-06-04 00:01:02.132  INFO 6028 --- [http-nio-8080-exec-1] c.a.a.AuManagementApplication            : Request to display employees is processed successfully
2020-06-04 00:01:05.161  INFO 6028 --- [http-nio-8080-exec-7] c.a.a.AuManagementApplication            : Request to get Demands is received 
2020-06-04 00:01:05.161  INFO 6028 --- [http-nio-8080-exec-7] c.a.a.AuManagementApplication            : Request to get Demands is processed successfully
2020-06-04 00:01:05.185  INFO 6028 --- [http-nio-8080-exec-9] c.a.a.AuManagementApplication            : Request to display Employee with id 0 has been received 
2020-06-04 00:01:05.265  INFO 6028 --- [http-nio-8080-exec-9] c.a.a.AuManagementApplication            : Request to display Employee with id 0 has been succesfully processed 
2020-06-04 00:01:54.259  INFO 6028 --- [http-nio-8080-exec-5] c.a.a.AuManagementApplication            : Request to display employees is received 
2020-06-04 00:01:54.323  INFO 6028 --- [http-nio-8080-exec-5] c.a.a.AuManagementApplication            : Request to display employees is processed successfully
2020-06-04 00:01:59.960  INFO 6028 --- [http-nio-8080-exec-4] c.a.a.AuManagementApplication            : Request to get Demands is received 
2020-06-04 00:01:59.968  INFO 6028 --- [http-nio-8080-exec-4] c.a.a.AuManagementApplication            : Request to get Demands is processed successfully
2020-06-04 00:02:00.088  INFO 6028 --- [http-nio-8080-exec-6] c.a.a.AuManagementApplication            : Request to display Employee with id 0 has been received 
2020-06-04 00:02:00.272  INFO 6028 --- [http-nio-8080-exec-6] c.a.a.AuManagementApplication            : Request to display Employee with id 0 has been succesfully processed 
2020-06-04 00:02:24.246  INFO 6028 --- [http-nio-8080-exec-9] c.a.a.AuManagementApplication            : Request to update Employee with id 0 has been received 
2020-06-04 00:02:24.970  INFO 6028 --- [http-nio-8080-exec-9] c.a.a.AuManagementApplication            : Request to update Employee with id 0 has been processed succesfully 
2020-06-04 00:02:25.847  INFO 6028 --- [http-nio-8080-exec-10] c.a.a.AuManagementApplication            : Request to display employees is received 
2020-06-04 00:02:25.895  INFO 6028 --- [http-nio-8080-exec-10] c.a.a.AuManagementApplication            : Request to display employees is processed successfully
2020-06-04 00:02:38.757  INFO 6028 --- [http-nio-8080-exec-8] c.a.a.AuManagementApplication            : Request to get Demands is received 
2020-06-04 00:02:38.757  INFO 6028 --- [http-nio-8080-exec-5] c.a.a.AuManagementApplication            : Request to display Employee with id 0 has been received 
2020-06-04 00:02:38.765  INFO 6028 --- [http-nio-8080-exec-8] c.a.a.AuManagementApplication            : Request to get Demands is processed successfully
2020-06-04 00:02:38.885  INFO 6028 --- [http-nio-8080-exec-5] c.a.a.AuManagementApplication            : Request to display Employee with id 0 has been succesfully processed 
2020-06-04 00:02:58.423  INFO 6028 --- [http-nio-8080-exec-1] c.a.a.AuManagementApplication            : Request to update Employee with id 0 has been received 
2020-06-04 00:02:58.655  INFO 6028 --- [http-nio-8080-exec-1] c.a.a.AuManagementApplication            : Request to update Employee with id 0 has been processed succesfully 
2020-06-04 00:03:02.030  INFO 6028 --- [http-nio-8080-exec-7] c.a.a.AuManagementApplication            : Request to display employees is received 
2020-06-04 00:03:02.046  INFO 6028 --- [http-nio-8080-exec-7] c.a.a.AuManagementApplication            : Request to display employees is processed successfully
2020-06-04 00:03:05.924  INFO 6028 --- [http-nio-8080-exec-9] c.a.a.AuManagementApplication            : Request to display Employee with id 0 has been received 
2020-06-04 00:03:05.964  INFO 6028 --- [http-nio-8080-exec-9] c.a.a.AuManagementApplication            : Request to display Employee with id 0 has been succesfully processed 
2020-06-04 00:03:06.068  INFO 6028 --- [http-nio-8080-exec-10] c.a.a.AuManagementApplication            : Request to get Demands is received 
2020-06-04 00:03:06.116  INFO 6028 --- [http-nio-8080-exec-10] c.a.a.AuManagementApplication            : Request to get Demands is processed successfully
2020-06-04 00:03:53.069  INFO 6028 --- [http-nio-8080-exec-5] c.a.a.AuManagementApplication            : Request to update Employee with id 0 has been received 
2020-06-04 00:03:53.401  INFO 6028 --- [http-nio-8080-exec-5] c.a.a.AuManagementApplication            : Request to update Employee with id 0 has been processed succesfully 
2020-06-04 00:03:55.935  INFO 6028 --- [http-nio-8080-exec-6] c.a.a.AuManagementApplication            : Request to display employees is received 
2020-06-04 00:03:55.959  INFO 6028 --- [http-nio-8080-exec-6] c.a.a.AuManagementApplication            : Request to display employees is processed successfully
2020-06-04 00:04:04.449  INFO 6028 --- [http-nio-8080-exec-3] c.a.a.AuManagementApplication            : Request to get Demands is received 
2020-06-04 00:04:04.449  INFO 6028 --- [http-nio-8080-exec-3] c.a.a.AuManagementApplication            : Request to get Demands is processed successfully
2020-06-04 00:04:04.513  INFO 6028 --- [http-nio-8080-exec-1] c.a.a.AuManagementApplication            : Request to display Employee with id 0 has been received 
2020-06-04 00:04:04.633  INFO 6028 --- [http-nio-8080-exec-1] c.a.a.AuManagementApplication            : Request to display Employee with id 0 has been succesfully processed 
2020-06-04 00:04:10.145  INFO 6028 --- [http-nio-8080-exec-10] c.a.a.AuManagementApplication            : Request to update Employee with id 0 has been received 
2020-06-04 00:04:10.457  INFO 6028 --- [http-nio-8080-exec-10] c.a.a.AuManagementApplication            : Request to update Employee with id 0 has been processed succesfully 
2020-06-04 00:04:11.642  INFO 6028 --- [http-nio-8080-exec-2] c.a.a.AuManagementApplication            : Request to display employees is received 
2020-06-04 00:04:11.650  INFO 6028 --- [http-nio-8080-exec-2] c.a.a.AuManagementApplication            : Request to display employees is processed successfully
2020-06-04 00:04:41.816  INFO 6028 --- [http-nio-8080-exec-6] c.a.a.AuManagementApplication            : Request to delete Employee with id 0 has been received 
2020-06-04 00:04:41.968  INFO 6028 --- [http-nio-8080-exec-6] c.a.a.AuManagementApplication            : Request to delete Employee with id 0 has been completed successfully 
2020-06-04 00:05:34.486  INFO 6028 --- [http-nio-8080-exec-3] c.a.a.AuManagementApplication            : Request to display employees is received 
2020-06-04 00:05:34.494  INFO 6028 --- [http-nio-8080-exec-3] c.a.a.AuManagementApplication            : Request to display employees is processed successfully
2020-06-04 00:06:45.172  INFO 6028 --- [http-nio-8080-exec-9] c.a.a.AuManagementApplication            : Request to display employees is received 
2020-06-04 00:06:45.260  INFO 6028 --- [http-nio-8080-exec-9] c.a.a.AuManagementApplication            : Request to display employees is processed successfully
2020-06-04 00:06:45.348  INFO 6028 --- [http-nio-8080-exec-7] c.a.a.AuManagementApplication            : Request to get Demands is received 
2020-06-04 00:06:45.388  INFO 6028 --- [http-nio-8080-exec-7] c.a.a.AuManagementApplication            : Request to get Demands is processed successfully
2020-06-04 00:06:54.152  INFO 6028 --- [http-nio-8080-exec-8] c.a.a.AuManagementApplication            : Request to display employees is received 
2020-06-04 00:06:54.280  INFO 6028 --- [http-nio-8080-exec-5] c.a.a.AuManagementApplication            : Request to get Demands is received 
2020-06-04 00:06:54.336  INFO 6028 --- [http-nio-8080-exec-8] c.a.a.AuManagementApplication            : Request to display employees is processed successfully
2020-06-04 00:06:54.368  INFO 6028 --- [http-nio-8080-exec-5] c.a.a.AuManagementApplication            : Request to get Demands is processed successfully
2020-06-04 00:07:59.236  INFO 6028 --- [http-nio-8080-exec-3] c.a.a.AuManagementApplication            : Request to add Employee with id 2 has been received 
2020-06-04 00:07:59.700  INFO 6028 --- [http-nio-8080-exec-3] c.a.a.AuManagementApplication            : Request to add Employee with id 2 has been succesfully completed 
2020-06-04 00:08:20.652  INFO 6028 --- [http-nio-8080-exec-9] c.a.a.AuManagementApplication            : Request to display employees is received 
2020-06-04 00:08:20.716  INFO 6028 --- [http-nio-8080-exec-9] c.a.a.AuManagementApplication            : Request to display employees is processed successfully
2020-06-04 00:08:42.295  INFO 6028 --- [http-nio-8080-exec-10] c.a.a.AuManagementApplication            : Request to display employees is received 
2020-06-04 00:08:45.607  INFO 6028 --- [http-nio-8080-exec-10] c.a.a.AuManagementApplication            : Request to display employees is processed successfully
2020-06-04 00:09:13.422  INFO 6028 --- [http-nio-8080-exec-5] c.a.a.AuManagementApplication            : Request to get Demands is received 
2020-06-04 00:09:13.728  INFO 6028 --- [http-nio-8080-exec-5] c.a.a.AuManagementApplication            : Request to get Demands is processed successfully
2020-06-04 00:09:15.492  INFO 6028 --- [http-nio-8080-exec-8] c.a.a.AuManagementApplication            : Request to display Employee with id 2 has been received 
2020-06-04 00:09:19.348  INFO 6028 --- [http-nio-8080-exec-8] c.a.a.AuManagementApplication            : Request to display Employee with id 2 has been succesfully processed 
2020-06-04 00:09:33.991  INFO 6028 --- [http-nio-8080-exec-1] c.a.a.AuManagementApplication            : Request to update Employee with id 2 has been received 
2020-06-04 00:09:34.538  INFO 6028 --- [http-nio-8080-exec-1] c.a.a.AuManagementApplication            : Request to update Employee with id 2 has been processed succesfully 
2020-06-04 00:09:43.218  INFO 6028 --- [http-nio-8080-exec-7] c.a.a.AuManagementApplication            : Request to display employees is received 
2020-06-04 00:09:43.278  INFO 6028 --- [http-nio-8080-exec-7] c.a.a.AuManagementApplication            : Request to display employees is processed successfully
2020-06-04 00:09:49.490  INFO 6028 --- [http-nio-8080-exec-5] c.a.a.AuManagementApplication            : Request to delete Employee with id 2 has been received 
2020-06-04 00:09:49.639  INFO 6028 --- [http-nio-8080-exec-5] c.a.a.AuManagementApplication            : Request to delete Employee with id 2 has been completed successfully 
2020-06-04 00:09:56.037  INFO 6028 --- [http-nio-8080-exec-8] c.a.a.AuManagementApplication            : Request to display employees is received 
2020-06-04 00:09:56.107  INFO 6028 --- [http-nio-8080-exec-8] c.a.a.AuManagementApplication            : Request to display employees is processed successfully
